0 info it worked if it ends with ok
1 verbose cli [ 'D:\\program\\nodejs\\\\node.exe',
1 verbose cli   'D:\\program\\nodejs\\node_modules\\npm\\bin\\npm-cli.js',
1 verbose cli   'install' ]
2 info using npm@1.4.28
3 info using node@v0.10.32
4 verbose node symlink D:\program\nodejs\\node.exe
5 error install Couldn't read dependencies
6 error Failed to parse json
6 error Unexpected token ^
7 error File: D:\git\js-patterns\create\package.json
8 error Failed to parse package.json data.
8 error package.json must be actual JSON, not just JavaScript.
8 error
8 error This is not a bug in npm.
8 error Tell the package author to fix their package.json file. JSON.parse
9 error System Windows_NT 6.1.7601
10 error command "D:\\program\\nodejs\\\\node.exe" "D:\\program\\nodejs\\node_modules\\npm\\bin\\npm-cli.js" "install"
11 error cwd D:\git\js-patterns\create
12 error node -v v0.10.32
13 error npm -v 1.4.28
14 error file D:\git\js-patterns\create\package.json
15 error code EJSONPARSE
16 verbose exit [ 1, true ]
